[32m2026-03-03 18:23:37 +0530[0m - dagster - [34mDEBUG[0m - __ASSET_JOB - 39da51de-d9bd-4d47-b39c-4a40a02c29ff - 21388 - LOGS_CAPTURED - Started capturing logs in process (pid: 21388).
[32m2026-03-03 18:23:37 +0530[0m - dagster - [34mDEBUG[0m - __ASSET_JOB - 39da51de-d9bd-4d47-b39c-4a40a02c29ff - 21388 - dbt_cloud_job_1012612 - STEP_START - Started execution of step "dbt_cloud_job_1012612".
[32m2026-03-03 18:23:37 +0530[0m - dagster - [34mINFO[0m - resource:dbt_cloud - 39da51de-d9bd-4d47-b39c-4a40a02c29ff - dbt_cloud_job_1012612 - Initializing run for job with job_id=1012612
[32m2026-03-03 18:23:39 +0530[0m - dagster - [34mINFO[0m - resource:dbt_cloud - 39da51de-d9bd-4d47-b39c-4a40a02c29ff - dbt_cloud_job_1012612 - Run initialized with run_id=466470181. View this run in the dbt Cloud UI: https://ih492.us1.dbt.com/deploy/17878/projects/513267/runs/466470181/
[32m2026-03-03 18:23:41 +0530[0m - dagster - [34mINFO[0m - resource:dbt_cloud - 39da51de-d9bd-4d47-b39c-4a40a02c29ff - dbt_cloud_job_1012612 - Polled run 466470181. Status: [Running]
[32m2026-03-03 18:23:52 +0530[0m - dagster - [34mINFO[0m - resource:dbt_cloud - 39da51de-d9bd-4d47-b39c-4a40a02c29ff - dbt_cloud_job_1012612 - Polled run 466470181. Status: [Running]
[32m2026-03-03 18:24:04 +0530[0m - dagster - [34mINFO[0m - resource:dbt_cloud - 39da51de-d9bd-4d47-b39c-4a40a02c29ff - dbt_cloud_job_1012612 - Polled run 466470181. Status: [Running]
[32m2026-03-03 18:24:16 +0530[0m - dagster - [34mINFO[0m - resource:dbt_cloud - 39da51de-d9bd-4d47-b39c-4a40a02c29ff - dbt_cloud_job_1012612 - Polled run 466470181. Status: [Success]
C:\Users\TusharBharatPatil\dagster-dbt-tushar\.venv\Lib\site-packages\dagster_dbt\cloud\resources.py:537: BetaWarning: Class `DbtCloudOutput` is currently in beta, and may have breaking changes in minor version releases, with behavior changes in patch releases.
  output = DbtCloudOutput(run_details=final_run_details, result=run_results)
[32m2026-03-03 18:24:20 +0530[0m - dagster - [34mINFO[0m - resource:dbt_cloud - 39da51de-d9bd-4d47-b39c-4a40a02c29ff - dbt_cloud_job_1012612 - Docs for this run can be viewed here: https://cloud.getdbt.com/accounts/17878/runs/466470181/docs/
[32m2026-03-03 18:24:24 +0530[0m - dagster - [34mDEBUG[0m - __ASSET_JOB - 39da51de-d9bd-4d47-b39c-4a40a02c29ff - 21388 - dbt_cloud_job_1012612 - ASSET_OBSERVATION - DagsterEventType.ASSET_OBSERVATION for step dbt_cloud_job_1012612
[32m2026-03-03 18:24:24 +0530[0m - dagster - [34mDEBUG[0m - __ASSET_JOB - 39da51de-d9bd-4d47-b39c-4a40a02c29ff - 21388 - dbt_cloud_job_1012612 - ASSET_OBSERVATION - DagsterEventType.ASSET_OBSERVATION for step dbt_cloud_job_1012612
[32m2026-03-03 18:24:24 +0530[0m - dagster - [34mDEBUG[0m - __ASSET_JOB - 39da51de-d9bd-4d47-b39c-4a40a02c29ff - 21388 - dbt_cloud_job_1012612 - ASSET_OBSERVATION - DagsterEventType.ASSET_OBSERVATION for step dbt_cloud_job_1012612
[32m2026-03-03 18:24:24 +0530[0m - dagster - [34mDEBUG[0m - __ASSET_JOB - 39da51de-d9bd-4d47-b39c-4a40a02c29ff - 21388 - dbt_cloud_job_1012612 - STEP_OUTPUT - Yielded output "source__customer" of type "Nothing". (Type check passed).
[32m2026-03-03 18:24:24 +0530[0m - dagster - [34mDEBUG[0m - __ASSET_JOB - 39da51de-d9bd-4d47-b39c-4a40a02c29ff - 21388 - dbt_cloud_job_1012612 - ASSET_MATERIALIZATION - Materialized value source customer.
[32m2026-03-03 18:24:24 +0530[0m - dagster - [34mDEBUG[0m - __ASSET_JOB - 39da51de-d9bd-4d47-b39c-4a40a02c29ff - 21388 - dbt_cloud_job_1012612 - STEP_OUTPUT - Yielded output "lz__raw_customers" of type "Nothing". (Type check passed).
[32m2026-03-03 18:24:24 +0530[0m - dagster - [34mDEBUG[0m - __ASSET_JOB - 39da51de-d9bd-4d47-b39c-4a40a02c29ff - 21388 - dbt_cloud_job_1012612 - ASSET_MATERIALIZATION - Materialized value lz raw_customers.
[32m2026-03-03 18:24:24 +0530[0m - dagster - [34mDEBUG[0m - __ASSET_JOB - 39da51de-d9bd-4d47-b39c-4a40a02c29ff - 21388 - dbt_cloud_job_1012612 - ASSET_OBSERVATION - DagsterEventType.ASSET_OBSERVATION for step dbt_cloud_job_1012612
[32m2026-03-03 18:24:24 +0530[0m - dagster - [34mDEBUG[0m - __ASSET_JOB - 39da51de-d9bd-4d47-b39c-4a40a02c29ff - 21388 - dbt_cloud_job_1012612 - ASSET_OBSERVATION - DagsterEventType.ASSET_OBSERVATION for step dbt_cloud_job_1012612
[32m2026-03-03 18:24:25 +0530[0m - dagster - [34mDEBUG[0m - __ASSET_JOB - 39da51de-d9bd-4d47-b39c-4a40a02c29ff - 21388 - dbt_cloud_job_1012612 - ASSET_OBSERVATION - DagsterEventType.ASSET_OBSERVATION for step dbt_cloud_job_1012612
[32m2026-03-03 18:24:25 +0530[0m - dagster - [34mDEBUG[0m - __ASSET_JOB - 39da51de-d9bd-4d47-b39c-4a40a02c29ff - 21388 - dbt_cloud_job_1012612 - STEP_OUTPUT - Yielded output "staging__stg_customers" of type "Nothing". (Type check passed).
[32m2026-03-03 18:24:25 +0530[0m - dagster - [34mDEBUG[0m - __ASSET_JOB - 39da51de-d9bd-4d47-b39c-4a40a02c29ff - 21388 - dbt_cloud_job_1012612 - ASSET_MATERIALIZATION - Materialized value staging stg_customers.
[32m2026-03-03 18:24:25 +0530[0m - dagster - [34mDEBUG[0m - __ASSET_JOB - 39da51de-d9bd-4d47-b39c-4a40a02c29ff - 21388 - dbt_cloud_job_1012612 - ASSET_OBSERVATION - DagsterEventType.ASSET_OBSERVATION for step dbt_cloud_job_1012612
[32m2026-03-03 18:24:25 +0530[0m - dagster - [34mDEBUG[0m - __ASSET_JOB - 39da51de-d9bd-4d47-b39c-4a40a02c29ff - 21388 - dbt_cloud_job_1012612 - ASSET_OBSERVATION - DagsterEventType.ASSET_OBSERVATION for step dbt_cloud_job_1012612
[32m2026-03-03 18:24:25 +0530[0m - dagster - [34mDEBUG[0m - __ASSET_JOB - 39da51de-d9bd-4d47-b39c-4a40a02c29ff - 21388 - dbt_cloud_job_1012612 - ASSET_OBSERVATION - DagsterEventType.ASSET_OBSERVATION for step dbt_cloud_job_1012612
[32m2026-03-03 18:24:25 +0530[0m - dagster - [34mDEBUG[0m - __ASSET_JOB - 39da51de-d9bd-4d47-b39c-4a40a02c29ff - 21388 - dbt_cloud_job_1012612 - ASSET_OBSERVATION - DagsterEventType.ASSET_OBSERVATION for step dbt_cloud_job_1012612
[32m2026-03-03 18:24:25 +0530[0m - dagster - [34mDEBUG[0m - __ASSET_JOB - 39da51de-d9bd-4d47-b39c-4a40a02c29ff - 21388 - dbt_cloud_job_1012612 - ASSET_OBSERVATION - DagsterEventType.ASSET_OBSERVATION for step dbt_cloud_job_1012612
[32m2026-03-03 18:24:25 +0530[0m - dagster - [34mDEBUG[0m - __ASSET_JOB - 39da51de-d9bd-4d47-b39c-4a40a02c29ff - 21388 - dbt_cloud_job_1012612 - ASSET_OBSERVATION - DagsterEventType.ASSET_OBSERVATION for step dbt_cloud_job_1012612
[32m2026-03-03 18:24:25 +0530[0m - dagster - [34mDEBUG[0m - __ASSET_JOB - 39da51de-d9bd-4d47-b39c-4a40a02c29ff - 21388 - dbt_cloud_job_1012612 - STEP_OUTPUT - Yielded output "dbo__dim_customers" of type "Nothing". (Type check passed).
[32m2026-03-03 18:24:25 +0530[0m - dagster - [34mDEBUG[0m - __ASSET_JOB - 39da51de-d9bd-4d47-b39c-4a40a02c29ff - 21388 - dbt_cloud_job_1012612 - ASSET_MATERIALIZATION - Materialized value dbo dim_customers.
[32m2026-03-03 18:24:25 +0530[0m - dagster - [34mDEBUG[0m - __ASSET_JOB - 39da51de-d9bd-4d47-b39c-4a40a02c29ff - 21388 - dbt_cloud_job_1012612 - ASSET_OBSERVATION - DagsterEventType.ASSET_OBSERVATION for step dbt_cloud_job_1012612
[32m2026-03-03 18:24:26 +0530[0m - dagster - [34mDEBUG[0m - __ASSET_JOB - 39da51de-d9bd-4d47-b39c-4a40a02c29ff - 21388 - dbt_cloud_job_1012612 - ASSET_OBSERVATION - DagsterEventType.ASSET_OBSERVATION for step dbt_cloud_job_1012612
[32m2026-03-03 18:24:26 +0530[0m - dagster - [34mDEBUG[0m - __ASSET_JOB - 39da51de-d9bd-4d47-b39c-4a40a02c29ff - 21388 - dbt_cloud_job_1012612 - ASSET_OBSERVATION - DagsterEventType.ASSET_OBSERVATION for step dbt_cloud_job_1012612
[32m2026-03-03 18:24:26 +0530[0m - dagster - [34mDEBUG[0m - __ASSET_JOB - 39da51de-d9bd-4d47-b39c-4a40a02c29ff - 21388 - dbt_cloud_job_1012612 - STEP_SUCCESS - Finished execution of step "dbt_cloud_job_1012612" in 48.3s.
